node:internal/modules/cjs/loader:1228
  throw err;
  ^

Error: Cannot find module 'next'
Require stack:
- /home/aroundn1/webcrawl.winwinsolutions.vn/server.js
- /usr/local/lsws/fcgi-bin/lsnode.js
    at Module._resolveFilename (node:internal/modules/cjs/loader:1225:15)
    at Module._load (node:internal/modules/cjs/loader:1051:27)
    at Module.require (node:internal/modules/cjs/loader:1311:19)
    at require (node:internal/modules/helpers:179:18)
    at Object.<anonymous> (/home/aroundn1/webcrawl.winwinsolutions.vn/server.js:5:14)
    at Module._compile (node:internal/modules/cjs/loader:1469:14)
    at Module._extensions..js (node:internal/modules/cjs/loader:1548:10)
    at Module.load (node:internal/modules/cjs/loader:1288:32)
    at Module._load (node:internal/modules/cjs/loader:1104:12)
    at Module.require (node:internal/modules/cjs/loader:1311:19) {
  code: 'MODULE_NOT_FOUND',
  requireStack: [
    '/home/aroundn1/webcrawl.winwinsolutions.vn/server.js',
    '/usr/local/lsws/fcgi-bin/lsnode.js'
  ]
}

Node.js v20.18.3
node:internal/modules/cjs/loader:1228
  throw err;
  ^

Error: Cannot find module 'next'
Require stack:
- /home/aroundn1/webcrawl.winwinsolutions.vn/server.js
- /usr/local/lsws/fcgi-bin/lsnode.js
    at Module._resolveFilename (node:internal/modules/cjs/loader:1225:15)
    at Module._load (node:internal/modules/cjs/loader:1051:27)
    at Module.require (node:internal/modules/cjs/loader:1311:19)
    at require (node:internal/modules/helpers:179:18)
    at Object.<anonymous> (/home/aroundn1/webcrawl.winwinsolutions.vn/server.js:5:14)
    at Module._compile (node:internal/modules/cjs/loader:1469:14)
    at Module._extensions..js (node:internal/modules/cjs/loader:1548:10)
    at Module.load (node:internal/modules/cjs/loader:1288:32)
    at Module._load (node:internal/modules/cjs/loader:1104:12)
    at Module.require (node:internal/modules/cjs/loader:1311:19) {
  code: 'MODULE_NOT_FOUND',
  requireStack: [
    '/home/aroundn1/webcrawl.winwinsolutions.vn/server.js',
    '/usr/local/lsws/fcgi-bin/lsnode.js'
  ]
}

Node.js v20.18.3
/home/aroundn1/nodevenv/webcrawl.winwinsolutions.vn/20/lib/node_modules/next/dist/server/lib/router-utils/filesystem.js:148
            throw Object.defineProperty(new Error(`Could not find a production build in the '${opts.config.distDir}' directory. Try building your app with 'next build' before starting the production server. https://nextjs.org/docs/messages/production-start-no-build-id`), "__NEXT_ERROR_CODE", {
                                        ^

Error: Could not find a production build in the '.next' directory. Try building your app with 'next build' before starting the production server. https://nextjs.org/docs/messages/production-start-no-build-id
    at setupFsCheck (/home/aroundn1/nodevenv/webcrawl.winwinsolutions.vn/20/lib/node_modules/next/dist/server/lib/router-utils/filesystem.js:148:41)
    at async initialize (/home/aroundn1/nodevenv/webcrawl.winwinsolutions.vn/20/lib/node_modules/next/dist/server/lib/router-server.js:110:23)
    at async NextCustomServer.prepare (/home/aroundn1/nodevenv/webcrawl.winwinsolutions.vn/20/lib/node_modules/next/dist/server/next.js:276:28)

Node.js v20.18.3
/home/aroundn1/nodevenv/webcrawl.winwinsolutions.vn/20/lib/node_modules/next/dist/server/lib/router-utils/filesystem.js:148
            throw Object.defineProperty(new Error(`Could not find a production build in the '${opts.config.distDir}' directory. Try building your app with 'next build' before starting the production server. https://nextjs.org/docs/messages/production-start-no-build-id`), "__NEXT_ERROR_CODE", {
                                        ^

Error: Could not find a production build in the '.next' directory. Try building your app with 'next build' before starting the production server. https://nextjs.org/docs/messages/production-start-no-build-id
    at setupFsCheck (/home/aroundn1/nodevenv/webcrawl.winwinsolutions.vn/20/lib/node_modules/next/dist/server/lib/router-utils/filesystem.js:148:41)
    at async initialize (/home/aroundn1/nodevenv/webcrawl.winwinsolutions.vn/20/lib/node_modules/next/dist/server/lib/router-server.js:110:23)
    at async NextCustomServer.prepare (/home/aroundn1/nodevenv/webcrawl.winwinsolutions.vn/20/lib/node_modules/next/dist/server/next.js:276:28)

Node.js v20.18.3
